2020-04-07 09:38:09.214 INFO [main] [com.stepdefinition2.Stepdefinition] [Myaccount] [com.stepdefinition2.Stepdefinition.Myaccount(Stepdefinition.java:31)] - clicking on Myaccount in the homepage 
2020-04-07 09:38:12.572 INFO [main] [com.stepdefinition2.Stepdefinition] [clicks_on_Register] [com.stepdefinition2.Stepdefinition.clicks_on_Register(Stepdefinition.java:38)] - clicking on Register in the homepage
2020-04-07 09:38:13.011 INFO [main] [com.stepdefinition2.Stepdefinition] [enters_First_Name_in_details] [com.stepdefinition2.Stepdefinition.enters_First_Name_in_details(Stepdefinition.java:46)] - clicking on Register in the homepage
2020-04-07 09:38:13.322 INFO [main] [com.stepdefinition2.Stepdefinition] [enters_Last_Name_in_details] [com.stepdefinition2.Stepdefinition.enters_Last_Name_in_details(Stepdefinition.java:53)] - clicking on Last Name in the homepage
2020-04-07 09:38:13.976 INFO [main] [com.stepdefinition2.Stepdefinition] [enters_Email_in_details] [com.stepdefinition2.Stepdefinition.enters_Email_in_details(Stepdefinition.java:60)] - Entered Emailid in the details
2020-04-07 09:38:14.436 INFO [main] [com.stepdefinition2.Stepdefinition] [enters_Telephone_in_details] [com.stepdefinition2.Stepdefinition.enters_Telephone_in_details(Stepdefinition.java:67)] - Entered Telephone in the details
2020-04-07 09:38:15.069 INFO [main] [com.stepdefinition2.Stepdefinition] [enters_Password_in_details] [com.stepdefinition2.Stepdefinition.enters_Password_in_details(Stepdefinition.java:74)] - Entered Password in the details
2020-04-07 09:38:15.491 INFO [main] [com.stepdefinition2.Stepdefinition] [enters_confirm_Password_in_details] [com.stepdefinition2.Stepdefinition.enters_confirm_Password_in_details(Stepdefinition.java:81)] - Entered ConfirmPassword in the details
2020-04-07 09:38:15.637 INFO [main] [com.stepdefinition2.Stepdefinition] [clicks_on_privacy_policy_in_details] [com.stepdefinition2.Stepdefinition.clicks_on_privacy_policy_in_details(Stepdefinition.java:89)] - clicking on PrivacyPolicy in the details
2020-04-07 09:38:17.998 INFO [main] [com.stepdefinition2.Stepdefinition] [clicks_on_submit_in_details] [com.stepdefinition2.Stepdefinition.clicks_on_submit_in_details(Stepdefinition.java:96)] - clicking on Continue in the details
2020-04-07 09:38:47.799 INFO [main] [com.stepdefinition2.Stepdefinitionlogin] [Myaccount1] [com.stepdefinition2.Stepdefinitionlogin.Myaccount1(Stepdefinitionlogin.java:33)] - clicking on Myaccount in the homepage 
2020-04-07 09:38:55.626 INFO [main] [com.stepdefinition2.Stepdefinitionlogin] [opencart] [com.stepdefinition2.Stepdefinitionlogin.opencart(Stepdefinitionlogin.java:40)] - clicking on Login in the homepage 
2020-04-07 09:38:58.896 INFO [main] [com.stepdefinition2.Stepdefinitionlogin] [enter_and_in_the_field] [com.stepdefinition2.Stepdefinitionlogin.enter_and_in_the_field(Stepdefinitionlogin.java:51)] - Entered email and password in tbe field 
2020-04-07 09:39:04.067 INFO [main] [com.stepdefinition2.Stepdefinitionlogin] [click_submit_button] [com.stepdefinition2.Stepdefinitionlogin.click_submit_button(Stepdefinitionlogin.java:58)] - Login Button is Clicked
2020-04-07 09:39:05.076 INFO [main] [com.stepdefinition2.Stepdefinitionlogin] [takes_a_screenshot] [com.stepdefinition2.Stepdefinitionlogin.takes_a_screenshot(Stepdefinitionlogin.java:65)] - takes a Screenshot
2020-04-07 09:50:53.315 INFO [main] [com.stepdefinition2.Stepdefinition] [Myaccount] [com.stepdefinition2.Stepdefinition.Myaccount(Stepdefinition.java:31)] - clicking on Myaccount in the homepage 
2020-04-07 09:51:12.895 INFO [main] [com.stepdefinition2.Stepdefinition] [clicks_on_Register] [com.stepdefinition2.Stepdefinition.clicks_on_Register(Stepdefinition.java:38)] - clicking on Register in the homepage
2020-04-07 09:51:13.707 INFO [main] [com.stepdefinition2.Stepdefinition] [enters_First_Name_in_details] [com.stepdefinition2.Stepdefinition.enters_First_Name_in_details(Stepdefinition.java:46)] - clicking on Register in the homepage
2020-04-07 09:51:14.098 INFO [main] [com.stepdefinition2.Stepdefinition] [enters_Last_Name_in_details] [com.stepdefinition2.Stepdefinition.enters_Last_Name_in_details(Stepdefinition.java:53)] - clicking on Last Name in the homepage
2020-04-07 09:51:14.627 INFO [main] [com.stepdefinition2.Stepdefinition] [enters_Email_in_details] [com.stepdefinition2.Stepdefinition.enters_Email_in_details(Stepdefinition.java:60)] - Entered Emailid in the details
2020-04-07 09:51:15.036 INFO [main] [com.stepdefinition2.Stepdefinition] [enters_Telephone_in_details] [com.stepdefinition2.Stepdefinition.enters_Telephone_in_details(Stepdefinition.java:67)] - Entered Telephone in the details
2020-04-07 09:51:15.682 INFO [main] [com.stepdefinition2.Stepdefinition] [enters_Password_in_details] [com.stepdefinition2.Stepdefinition.enters_Password_in_details(Stepdefinition.java:74)] - Entered Password in the details
2020-04-07 09:51:16.214 INFO [main] [com.stepdefinition2.Stepdefinition] [enters_confirm_Password_in_details] [com.stepdefinition2.Stepdefinition.enters_confirm_Password_in_details(Stepdefinition.java:81)] - Entered ConfirmPassword in the details
2020-04-07 09:51:16.374 INFO [main] [com.stepdefinition2.Stepdefinition] [clicks_on_privacy_policy_in_details] [com.stepdefinition2.Stepdefinition.clicks_on_privacy_policy_in_details(Stepdefinition.java:89)] - clicking on PrivacyPolicy in the details
2020-04-07 09:51:33.809 INFO [main] [com.stepdefinition2.Stepdefinition] [clicks_on_submit_in_details] [com.stepdefinition2.Stepdefinition.clicks_on_submit_in_details(Stepdefinition.java:96)] - clicking on Continue in the details
2020-04-07 09:51:34.305 INFO [main] [com.stepdefinition2.Stepdefinitionlogin] [takes_a_screenshot] [com.stepdefinition2.Stepdefinitionlogin.takes_a_screenshot(Stepdefinitionlogin.java:65)] - takes a Screenshot
2020-04-07 09:51:51.630 INFO [main] [com.stepdefinition2.Stepdefinitionlogin] [Myaccount1] [com.stepdefinition2.Stepdefinitionlogin.Myaccount1(Stepdefinitionlogin.java:33)] - clicking on Myaccount in the homepage 
2020-04-07 09:51:54.172 INFO [main] [com.stepdefinition2.Stepdefinitionlogin] [opencart] [com.stepdefinition2.Stepdefinitionlogin.opencart(Stepdefinitionlogin.java:40)] - clicking on Login in the homepage 
2020-04-07 09:51:57.725 INFO [main] [com.stepdefinition2.Stepdefinitionlogin] [enter_and_in_the_field] [com.stepdefinition2.Stepdefinitionlogin.enter_and_in_the_field(Stepdefinitionlogin.java:51)] - Entered email and password in tbe field 
2020-04-07 09:52:02.136 INFO [main] [com.stepdefinition2.Stepdefinitionlogin] [click_submit_button] [com.stepdefinition2.Stepdefinitionlogin.click_submit_button(Stepdefinitionlogin.java:58)] - Login Button is Clicked
2020-04-07 09:52:02.571 INFO [main] [com.stepdefinition2.Stepdefinitionlogin] [takes_a_screenshot] [com.stepdefinition2.Stepdefinitionlogin.takes_a_screenshot(Stepdefinitionlogin.java:65)] - takes a Screenshot
2020-04-07 09:53:00.643 INFO [main] [com.stepdefinition2.Stepdefinitionlaptop] [notebook] [com.stepdefinition2.Stepdefinitionlaptop.notebook(Stepdefinitionlaptop.java:28)] - clicks on laptops&Notebooks
2020-04-07 09:53:00.981 INFO [main] [com.stepdefinition2.Stepdefinitionlaptop] [clicks_on_Addtocart] [com.stepdefinition2.Stepdefinitionlaptop.clicks_on_Addtocart(Stepdefinitionlaptop.java:35)] - clicks on Addtocart
2020-04-07 09:54:01.727 INFO [main] [com.stepdefinition2.Stepdefinitionlaptop] [clicks_on_contact_us] [com.stepdefinition2.StepdefinitionContactus.clicks_on_contact_us(StepdefinitionContactus.java:28)] - clicks on contact us
2020-04-07 09:54:02.635 INFO [main] [com.stepdefinition2.Stepdefinitionlaptop] [enters_name_on_Your_name_field] [com.stepdefinition2.StepdefinitionContactus.enters_name_on_Your_name_field(StepdefinitionContactus.java:36)] - Enters name on Your name field
2020-04-07 09:54:03.286 INFO [main] [com.stepdefinition2.Stepdefinitionlaptop] [enters_email_address] [com.stepdefinition2.StepdefinitionContactus.enters_email_address(StepdefinitionContactus.java:43)] - Enters email address
2020-04-07 09:54:04.612 INFO [main] [com.stepdefinition2.Stepdefinitionlaptop] [enters_info_related_to_enquiry] [com.stepdefinition2.StepdefinitionContactus.enters_info_related_to_enquiry(StepdefinitionContactus.java:50)] - Enters info related to enquiry
2020-04-07 09:54:12.710 INFO [main] [com.stepdefinition2.Stepdefinitionlaptop] [clicks_on_submit] [com.stepdefinition2.StepdefinitionContactus.clicks_on_submit(StepdefinitionContactus.java:57)] - clicks on submit
2020-04-07 09:54:16.454 INFO [main] [com.stepdefinition2.Stepdefinitionlaptop] [clicksoncontinue] [com.stepdefinition2.StepdefinitionContactus.clicksoncontinue(StepdefinitionContactus.java:63)] - clicks on continue
2020-04-07 09:56:46.581 INFO [main] [com.stepdefinition2.Stepdefinition] [Myaccount] [com.stepdefinition2.Stepdefinition.Myaccount(Stepdefinition.java:31)] - clicking on Myaccount in the homepage 
2020-04-07 09:56:56.024 INFO [main] [com.stepdefinition2.Stepdefinition] [clicks_on_Register] [com.stepdefinition2.Stepdefinition.clicks_on_Register(Stepdefinition.java:38)] - clicking on Register in the homepage
2020-04-07 09:56:56.584 INFO [main] [com.stepdefinition2.Stepdefinition] [enters_First_Name_in_details] [com.stepdefinition2.Stepdefinition.enters_First_Name_in_details(Stepdefinition.java:46)] - clicking on Register in the homepage
2020-04-07 09:56:56.821 INFO [main] [com.stepdefinition2.Stepdefinition] [enters_Last_Name_in_details] [com.stepdefinition2.Stepdefinition.enters_Last_Name_in_details(Stepdefinition.java:53)] - clicking on Last Name in the homepage
2020-04-07 09:56:57.476 INFO [main] [com.stepdefinition2.Stepdefinition] [enters_Email_in_details] [com.stepdefinition2.Stepdefinition.enters_Email_in_details(Stepdefinition.java:60)] - Entered Emailid in the details
2020-04-07 09:56:57.823 INFO [main] [com.stepdefinition2.Stepdefinition] [enters_Telephone_in_details] [com.stepdefinition2.Stepdefinition.enters_Telephone_in_details(Stepdefinition.java:67)] - Entered Telephone in the details
2020-04-07 09:56:58.474 INFO [main] [com.stepdefinition2.Stepdefinition] [enters_Password_in_details] [com.stepdefinition2.Stepdefinition.enters_Password_in_details(Stepdefinition.java:74)] - Entered Password in the details
2020-04-07 09:56:58.915 INFO [main] [com.stepdefinition2.Stepdefinition] [enters_confirm_Password_in_details] [com.stepdefinition2.Stepdefinition.enters_confirm_Password_in_details(Stepdefinition.java:81)] - Entered ConfirmPassword in the details
2020-04-07 09:56:59.094 INFO [main] [com.stepdefinition2.Stepdefinition] [clicks_on_privacy_policy_in_details] [com.stepdefinition2.Stepdefinition.clicks_on_privacy_policy_in_details(Stepdefinition.java:89)] - clicking on PrivacyPolicy in the details
2020-04-07 09:57:02.539 INFO [main] [com.stepdefinition2.Stepdefinition] [clicks_on_submit_in_details] [com.stepdefinition2.Stepdefinition.clicks_on_submit_in_details(Stepdefinition.java:96)] - clicking on Continue in the details
2020-04-07 09:57:27.793 INFO [main] [com.stepdefinition2.Stepdefinitionlogin] [Myaccount1] [com.stepdefinition2.Stepdefinitionlogin.Myaccount1(Stepdefinitionlogin.java:33)] - clicking on Myaccount in the homepage 
2020-04-07 09:57:30.456 INFO [main] [com.stepdefinition2.Stepdefinitionlogin] [opencart] [com.stepdefinition2.Stepdefinitionlogin.opencart(Stepdefinitionlogin.java:40)] - clicking on Login in the homepage 
2020-04-07 09:57:34.909 INFO [main] [com.stepdefinition2.Stepdefinitionlogin] [enter_and_in_the_field] [com.stepdefinition2.Stepdefinitionlogin.enter_and_in_the_field(Stepdefinitionlogin.java:51)] - Entered email and password in tbe field 
2020-04-07 09:57:38.511 INFO [main] [com.stepdefinition2.Stepdefinitionlogin] [click_submit_button] [com.stepdefinition2.Stepdefinitionlogin.click_submit_button(Stepdefinitionlogin.java:58)] - Login Button is Clicked
2020-04-07 09:57:39.005 INFO [main] [com.stepdefinition2.Stepdefinitionlogin] [takes_a_screenshot] [com.stepdefinition2.Stepdefinitionlogin.takes_a_screenshot(Stepdefinitionlogin.java:65)] - takes a Screenshot
2020-04-07 09:58:28.356 INFO [main] [com.stepdefinition2.Stepdefinitionlaptop] [notebook] [com.stepdefinition2.Stepdefinitionlaptop.notebook(Stepdefinitionlaptop.java:28)] - clicks on laptops&Notebooks
2020-04-07 09:58:34.111 INFO [main] [com.stepdefinition2.Stepdefinitionlaptop] [clicks_on_Addtocart] [com.stepdefinition2.Stepdefinitionlaptop.clicks_on_Addtocart(Stepdefinitionlaptop.java:35)] - clicks on Addtocart
2020-04-07 09:59:14.304 INFO [main] [com.stepdefinition2.Stepdefinitionlaptop] [clicks_on_contact_us] [com.stepdefinition2.StepdefinitionContactus.clicks_on_contact_us(StepdefinitionContactus.java:28)] - clicks on contact us
2020-04-07 09:59:14.865 INFO [main] [com.stepdefinition2.Stepdefinitionlaptop] [enters_name_on_Your_name_field] [com.stepdefinition2.StepdefinitionContactus.enters_name_on_Your_name_field(StepdefinitionContactus.java:36)] - Enters name on Your name field
2020-04-07 09:59:15.447 INFO [main] [com.stepdefinition2.Stepdefinitionlaptop] [enters_email_address] [com.stepdefinition2.StepdefinitionContactus.enters_email_address(StepdefinitionContactus.java:43)] - Enters email address
2020-04-07 09:59:16.736 INFO [main] [com.stepdefinition2.Stepdefinitionlaptop] [enters_info_related_to_enquiry] [com.stepdefinition2.StepdefinitionContactus.enters_info_related_to_enquiry(StepdefinitionContactus.java:50)] - Enters info related to enquiry
2020-04-07 09:59:22.742 INFO [main] [com.stepdefinition2.Stepdefinitionlaptop] [clicks_on_submit] [com.stepdefinition2.StepdefinitionContactus.clicks_on_submit(StepdefinitionContactus.java:57)] - clicks on submit
2020-04-07 09:59:26.025 INFO [main] [com.stepdefinition2.Stepdefinitionlaptop] [clicksoncontinue] [com.stepdefinition2.StepdefinitionContactus.clicksoncontinue(StepdefinitionContactus.java:63)] - clicks on continue
2020-04-07 10:00:55.627 INFO [main] [com.stepdefinition2.Stepdefinition] [Myaccount] [com.stepdefinition2.Stepdefinition.Myaccount(Stepdefinition.java:31)] - clicking on Myaccount in the homepage 
2020-04-07 10:01:05.809 INFO [main] [com.stepdefinition2.Stepdefinition] [clicks_on_Register] [com.stepdefinition2.Stepdefinition.clicks_on_Register(Stepdefinition.java:38)] - clicking on Register in the homepage
2020-04-07 10:01:06.414 INFO [main] [com.stepdefinition2.Stepdefinition] [enters_First_Name_in_details] [com.stepdefinition2.Stepdefinition.enters_First_Name_in_details(Stepdefinition.java:46)] - clicking on Register in the homepage
2020-04-07 10:01:06.734 INFO [main] [com.stepdefinition2.Stepdefinition] [enters_Last_Name_in_details] [com.stepdefinition2.Stepdefinition.enters_Last_Name_in_details(Stepdefinition.java:53)] - clicking on Last Name in the homepage
2020-04-07 10:01:07.352 INFO [main] [com.stepdefinition2.Stepdefinition] [enters_Email_in_details] [com.stepdefinition2.Stepdefinition.enters_Email_in_details(Stepdefinition.java:60)] - Entered Emailid in the details
2020-04-07 10:01:07.710 INFO [main] [com.stepdefinition2.Stepdefinition] [enters_Telephone_in_details] [com.stepdefinition2.Stepdefinition.enters_Telephone_in_details(Stepdefinition.java:67)] - Entered Telephone in the details
2020-04-07 10:01:08.072 INFO [main] [com.stepdefinition2.Stepdefinition] [enters_Password_in_details] [com.stepdefinition2.Stepdefinition.enters_Password_in_details(Stepdefinition.java:74)] - Entered Password in the details
2020-04-07 10:01:08.392 INFO [main] [com.stepdefinition2.Stepdefinition] [enters_confirm_Password_in_details] [com.stepdefinition2.Stepdefinition.enters_confirm_Password_in_details(Stepdefinition.java:81)] - Entered ConfirmPassword in the details
2020-04-07 10:01:08.527 INFO [main] [com.stepdefinition2.Stepdefinition] [clicks_on_privacy_policy_in_details] [com.stepdefinition2.Stepdefinition.clicks_on_privacy_policy_in_details(Stepdefinition.java:89)] - clicking on PrivacyPolicy in the details
2020-04-07 10:01:11.362 INFO [main] [com.stepdefinition2.Stepdefinition] [clicks_on_submit_in_details] [com.stepdefinition2.Stepdefinition.clicks_on_submit_in_details(Stepdefinition.java:96)] - clicking on Continue in the details
2020-04-07 10:01:11.804 INFO [main] [com.stepdefinition2.Stepdefinition] [takes_a_screenshot] [com.stepdefinition2.Stepdefinition.takes_a_screenshot(Stepdefinition.java:102)] - takes a Screenshot
2020-04-07 10:01:42.825 INFO [main] [com.stepdefinition2.Stepdefinitionlogin] [Myaccount1] [com.stepdefinition2.Stepdefinitionlogin.Myaccount1(Stepdefinitionlogin.java:33)] - clicking on Myaccount in the homepage 
2020-04-07 10:01:45.967 INFO [main] [com.stepdefinition2.Stepdefinitionlogin] [opencart] [com.stepdefinition2.Stepdefinitionlogin.opencart(Stepdefinitionlogin.java:40)] - clicking on Login in the homepage 
2020-04-07 10:01:48.696 INFO [main] [com.stepdefinition2.Stepdefinitionlogin] [enter_and_in_the_field] [com.stepdefinition2.Stepdefinitionlogin.enter_and_in_the_field(Stepdefinitionlogin.java:51)] - Entered email and password in tbe field 
2020-04-07 10:01:52.940 INFO [main] [com.stepdefinition2.Stepdefinitionlogin] [click_submit_button] [com.stepdefinition2.Stepdefinitionlogin.click_submit_button(Stepdefinitionlogin.java:58)] - Login Button is Clicked
2020-04-07 10:01:53.384 INFO [main] [com.stepdefinition2.Stepdefinitionlogin] [takes_a_screenshot] [com.stepdefinition2.Stepdefinitionlogin.takes_a_screenshot(Stepdefinitionlogin.java:65)] - takes a Screenshot
2020-04-07 10:02:35.253 INFO [main] [com.stepdefinition2.Stepdefinitionlaptop] [notebook] [com.stepdefinition2.Stepdefinitionlaptop.notebook(Stepdefinitionlaptop.java:28)] - clicks on laptops&Notebooks
2020-04-07 10:02:35.487 INFO [main] [com.stepdefinition2.Stepdefinitionlaptop] [clicks_on_Addtocart] [com.stepdefinition2.Stepdefinitionlaptop.clicks_on_Addtocart(Stepdefinitionlaptop.java:35)] - clicks on Addtocart
2020-04-07 10:03:03.967 INFO [main] [com.stepdefinition2.Stepdefinitionlaptop] [clicks_on_contact_us] [com.stepdefinition2.StepdefinitionContactus.clicks_on_contact_us(StepdefinitionContactus.java:28)] - clicks on contact us
2020-04-07 10:03:04.511 INFO [main] [com.stepdefinition2.Stepdefinitionlaptop] [enters_name_on_Your_name_field] [com.stepdefinition2.StepdefinitionContactus.enters_name_on_Your_name_field(StepdefinitionContactus.java:36)] - Enters name on Your name field
2020-04-07 10:03:05.037 INFO [main] [com.stepdefinition2.Stepdefinitionlaptop] [enters_email_address] [com.stepdefinition2.StepdefinitionContactus.enters_email_address(StepdefinitionContactus.java:43)] - Enters email address
2020-04-07 10:03:06.200 INFO [main] [com.stepdefinition2.Stepdefinitionlaptop] [enters_info_related_to_enquiry] [com.stepdefinition2.StepdefinitionContactus.enters_info_related_to_enquiry(StepdefinitionContactus.java:50)] - Enters info related to enquiry
2020-04-07 10:03:13.310 INFO [main] [com.stepdefinition2.Stepdefinitionlaptop] [clicks_on_submit] [com.stepdefinition2.StepdefinitionContactus.clicks_on_submit(StepdefinitionContactus.java:57)] - clicks on submit
2020-04-07 10:03:16.135 INFO [main] [com.stepdefinition2.Stepdefinitionlaptop] [clicksoncontinue] [com.stepdefinition2.StepdefinitionContactus.clicksoncontinue(StepdefinitionContactus.java:63)] - clicks on continue
2020-04-07 10:28:34.521 INFO [main] [com.stepdefinition2.Stepdefinition] [Myaccount] [com.stepdefinition2.Stepdefinition.Myaccount(Stepdefinition.java:31)] - clicking on Myaccount in the homepage 
2020-04-07 10:28:40.153 INFO [main] [com.stepdefinition2.Stepdefinition] [clicks_on_Register] [com.stepdefinition2.Stepdefinition.clicks_on_Register(Stepdefinition.java:38)] - clicking on Register in the homepage
2020-04-07 10:28:40.972 INFO [main] [com.stepdefinition2.Stepdefinition] [enters_First_Name_in_details] [com.stepdefinition2.Stepdefinition.enters_First_Name_in_details(Stepdefinition.java:46)] - clicking on Register in the homepage
2020-04-07 10:28:41.298 INFO [main] [com.stepdefinition2.Stepdefinition] [enters_Last_Name_in_details] [com.stepdefinition2.Stepdefinition.enters_Last_Name_in_details(Stepdefinition.java:53)] - clicking on Last Name in the homepage
2020-04-07 10:28:41.954 INFO [main] [com.stepdefinition2.Stepdefinition] [enters_Email_in_details] [com.stepdefinition2.Stepdefinition.enters_Email_in_details(Stepdefinition.java:60)] - Entered Emailid in the details
2020-04-07 10:28:42.403 INFO [main] [com.stepdefinition2.Stepdefinition] [enters_Telephone_in_details] [com.stepdefinition2.Stepdefinition.enters_Telephone_in_details(Stepdefinition.java:67)] - Entered Telephone in the details
2020-04-07 10:28:42.816 INFO [main] [com.stepdefinition2.Stepdefinition] [enters_Password_in_details] [com.stepdefinition2.Stepdefinition.enters_Password_in_details(Stepdefinition.java:74)] - Entered Password in the details
2020-04-07 10:28:43.141 INFO [main] [com.stepdefinition2.Stepdefinition] [enters_confirm_Password_in_details] [com.stepdefinition2.Stepdefinition.enters_confirm_Password_in_details(Stepdefinition.java:81)] - Entered ConfirmPassword in the details
2020-04-07 10:28:43.292 INFO [main] [com.stepdefinition2.Stepdefinition] [clicks_on_privacy_policy_in_details] [com.stepdefinition2.Stepdefinition.clicks_on_privacy_policy_in_details(Stepdefinition.java:89)] - clicking on PrivacyPolicy in the details
2020-04-07 10:28:45.568 INFO [main] [com.stepdefinition2.Stepdefinition] [clicks_on_submit_in_details] [com.stepdefinition2.Stepdefinition.clicks_on_submit_in_details(Stepdefinition.java:96)] - clicking on Continue in the details
2020-04-07 10:28:46.000 INFO [main] [com.stepdefinition2.Stepdefinition] [takes_a_screenshot] [com.stepdefinition2.Stepdefinition.takes_a_screenshot(Stepdefinition.java:102)] - takes a Screenshot
2020-04-07 10:29:31.792 INFO [main] [com.stepdefinition2.Stepdefinitionlogin] [Myaccount1] [com.stepdefinition2.Stepdefinitionlogin.Myaccount1(Stepdefinitionlogin.java:33)] - clicking on Myaccount in the homepage 
2020-04-07 10:29:36.562 INFO [main] [com.stepdefinition2.Stepdefinitionlogin] [opencart] [com.stepdefinition2.Stepdefinitionlogin.opencart(Stepdefinitionlogin.java:40)] - clicking on Login in the homepage 
2020-04-07 10:29:39.812 INFO [main] [com.stepdefinition2.Stepdefinitionlogin] [enter_and_in_the_field] [com.stepdefinition2.Stepdefinitionlogin.enter_and_in_the_field(Stepdefinitionlogin.java:51)] - Entered email and password in tbe field 
2020-04-07 10:29:43.355 INFO [main] [com.stepdefinition2.Stepdefinitionlogin] [click_submit_button] [com.stepdefinition2.Stepdefinitionlogin.click_submit_button(Stepdefinitionlogin.java:58)] - Login Button is Clicked
2020-04-07 10:29:43.811 INFO [main] [com.stepdefinition2.Stepdefinitionlogin] [takes_a_screenshot] [com.stepdefinition2.Stepdefinitionlogin.takes_a_screenshot(Stepdefinitionlogin.java:65)] - takes a Screenshot
2020-04-07 10:30:24.629 INFO [main] [com.stepdefinition2.Stepdefinitionlaptop] [notebook] [com.stepdefinition2.Stepdefinitionlaptop.notebook(Stepdefinitionlaptop.java:29)] - clicks on laptops&Notebooks
2020-04-07 10:30:24.903 INFO [main] [com.stepdefinition2.Stepdefinitionlaptop] [clicks_on_Addtocart] [com.stepdefinition2.Stepdefinitionlaptop.clicks_on_Addtocart(Stepdefinitionlaptop.java:36)] - clicks on Addtocart
2020-04-07 10:30:59.869 INFO [main] [com.stepdefinition2.Stepdefinitionlaptop] [clicks_on_contact_us] [com.stepdefinition2.StepdefinitionContactus.clicks_on_contact_us(StepdefinitionContactus.java:29)] - clicks on contact us
2020-04-07 10:31:00.443 INFO [main] [com.stepdefinition2.Stepdefinitionlaptop] [enters_name_on_Your_name_field] [com.stepdefinition2.StepdefinitionContactus.enters_name_on_Your_name_field(StepdefinitionContactus.java:37)] - Enters name on Your name field
2020-04-07 10:31:01.007 INFO [main] [com.stepdefinition2.Stepdefinitionlaptop] [enters_email_address] [com.stepdefinition2.StepdefinitionContactus.enters_email_address(StepdefinitionContactus.java:44)] - Enters email address
2020-04-07 10:31:02.295 INFO [main] [com.stepdefinition2.Stepdefinitionlaptop] [enters_info_related_to_enquiry] [com.stepdefinition2.StepdefinitionContactus.enters_info_related_to_enquiry(StepdefinitionContactus.java:51)] - Enters info related to enquiry
2020-04-07 10:31:07.562 INFO [main] [com.stepdefinition2.Stepdefinitionlaptop] [clicks_on_submit] [com.stepdefinition2.StepdefinitionContactus.clicks_on_submit(StepdefinitionContactus.java:58)] - clicks on submit
2020-04-07 10:31:10.258 INFO [main] [com.stepdefinition2.Stepdefinitionlaptop] [clicksoncontinue] [com.stepdefinition2.StepdefinitionContactus.clicksoncontinue(StepdefinitionContactus.java:64)] - clicks on continue
2020-04-07 10:34:43.612 INFO [main] [com.stepdefinition2.Stepdefinition] [Myaccount] [com.stepdefinition2.Stepdefinition.Myaccount(Stepdefinition.java:31)] - clicking on Myaccount in the homepage 
2020-04-07 10:34:50.769 INFO [main] [com.stepdefinition2.Stepdefinition] [clicks_on_Register] [com.stepdefinition2.Stepdefinition.clicks_on_Register(Stepdefinition.java:38)] - clicking on Register in the homepage
2020-04-07 10:34:51.450 INFO [main] [com.stepdefinition2.Stepdefinition] [enters_First_Name_in_details] [com.stepdefinition2.Stepdefinition.enters_First_Name_in_details(Stepdefinition.java:46)] - clicking on Register in the homepage
2020-04-07 10:34:51.736 INFO [main] [com.stepdefinition2.Stepdefinition] [enters_Last_Name_in_details] [com.stepdefinition2.Stepdefinition.enters_Last_Name_in_details(Stepdefinition.java:53)] - clicking on Last Name in the homepage
2020-04-07 10:34:52.283 INFO [main] [com.stepdefinition2.Stepdefinition] [enters_Email_in_details] [com.stepdefinition2.Stepdefinition.enters_Email_in_details(Stepdefinition.java:60)] - Entered Emailid in the details
2020-04-07 10:34:52.639 INFO [main] [com.stepdefinition2.Stepdefinition] [enters_Telephone_in_details] [com.stepdefinition2.Stepdefinition.enters_Telephone_in_details(Stepdefinition.java:67)] - Entered Telephone in the details
2020-04-07 10:34:53.021 INFO [main] [com.stepdefinition2.Stepdefinition] [enters_Password_in_details] [com.stepdefinition2.Stepdefinition.enters_Password_in_details(Stepdefinition.java:74)] - Entered Password in the details
2020-04-07 10:34:53.348 INFO [main] [com.stepdefinition2.Stepdefinition] [enters_confirm_Password_in_details] [com.stepdefinition2.Stepdefinition.enters_confirm_Password_in_details(Stepdefinition.java:81)] - Entered ConfirmPassword in the details
2020-04-07 10:34:53.479 INFO [main] [com.stepdefinition2.Stepdefinition] [clicks_on_privacy_policy_in_details] [com.stepdefinition2.Stepdefinition.clicks_on_privacy_policy_in_details(Stepdefinition.java:89)] - clicking on PrivacyPolicy in the details
2020-04-07 10:34:59.464 INFO [main] [com.stepdefinition2.Stepdefinition] [clicks_on_submit_in_details] [com.stepdefinition2.Stepdefinition.clicks_on_submit_in_details(Stepdefinition.java:96)] - clicking on Continue in the details
2020-04-07 10:34:59.933 INFO [main] [com.stepdefinition2.Stepdefinition] [takes_a_screenshot] [com.stepdefinition2.Stepdefinition.takes_a_screenshot(Stepdefinition.java:102)] - takes a Screenshot
2020-04-07 10:35:26.262 INFO [main] [com.stepdefinition2.Stepdefinitionlogin] [Myaccount1] [com.stepdefinition2.Stepdefinitionlogin.Myaccount1(Stepdefinitionlogin.java:33)] - clicking on Myaccount in the homepage 
2020-04-07 10:35:28.502 INFO [main] [com.stepdefinition2.Stepdefinitionlogin] [opencart] [com.stepdefinition2.Stepdefinitionlogin.opencart(Stepdefinitionlogin.java:40)] - clicking on Login in the homepage 
2020-04-07 10:35:31.295 INFO [main] [com.stepdefinition2.Stepdefinitionlogin] [enter_and_in_the_field] [com.stepdefinition2.Stepdefinitionlogin.enter_and_in_the_field(Stepdefinitionlogin.java:51)] - Entered email and password in tbe field 
2020-04-07 10:35:34.780 INFO [main] [com.stepdefinition2.Stepdefinitionlogin] [click_submit_button] [com.stepdefinition2.Stepdefinitionlogin.click_submit_button(Stepdefinitionlogin.java:58)] - Login Button is Clicked
2020-04-07 10:35:35.256 INFO [main] [com.stepdefinition2.Stepdefinitionlogin] [takes_a_screenshot] [com.stepdefinition2.Stepdefinitionlogin.takes_a_screenshot(Stepdefinitionlogin.java:65)] - takes a Screenshot
2020-04-07 10:36:41.685 INFO [main] [com.stepdefinition2.Stepdefinitionlaptop] [notebook] [com.stepdefinition2.Stepdefinitionlaptop.notebook(Stepdefinitionlaptop.java:29)] - clicks on laptops&Notebooks
2020-04-07 10:36:41.907 INFO [main] [com.stepdefinition2.Stepdefinitionlaptop] [clicks_on_Addtocart] [com.stepdefinition2.Stepdefinitionlaptop.clicks_on_Addtocart(Stepdefinitionlaptop.java:36)] - clicks on Addtocart
2020-04-07 10:36:42.372 INFO [main] [com.stepdefinition2.Stepdefinitionlaptop] [takes_a_screenshot] [com.stepdefinition2.Stepdefinitionlaptop.takes_a_screenshot(Stepdefinitionlaptop.java:43)] - takes a Screenshot
2020-04-07 10:37:17.806 INFO [main] [com.stepdefinition2.Stepdefinitionlaptop] [clicks_on_contact_us] [com.stepdefinition2.StepdefinitionContactus.clicks_on_contact_us(StepdefinitionContactus.java:29)] - clicks on contact us
2020-04-07 10:37:18.208 INFO [main] [com.stepdefinition2.Stepdefinitionlaptop] [enters_name_on_Your_name_field] [com.stepdefinition2.StepdefinitionContactus.enters_name_on_Your_name_field(StepdefinitionContactus.java:37)] - Enters name on Your name field
2020-04-07 10:37:18.828 INFO [main] [com.stepdefinition2.Stepdefinitionlaptop] [enters_email_address] [com.stepdefinition2.StepdefinitionContactus.enters_email_address(StepdefinitionContactus.java:44)] - Enters email address
2020-04-07 10:37:20.083 INFO [main] [com.stepdefinition2.Stepdefinitionlaptop] [enters_info_related_to_enquiry] [com.stepdefinition2.StepdefinitionContactus.enters_info_related_to_enquiry(StepdefinitionContactus.java:51)] - Enters info related to enquiry
2020-04-07 10:37:24.369 INFO [main] [com.stepdefinition2.Stepdefinitionlaptop] [clicks_on_submit] [com.stepdefinition2.StepdefinitionContactus.clicks_on_submit(StepdefinitionContactus.java:58)] - clicks on submit
2020-04-07 10:37:27.057 INFO [main] [com.stepdefinition2.Stepdefinitionlaptop] [clicksoncontinue] [com.stepdefinition2.StepdefinitionContactus.clicksoncontinue(StepdefinitionContactus.java:64)] - clicks on continue
2020-04-07 10:37:27.559 INFO [main] [com.stepdefinition2.Stepdefinitionlaptop] [takes_a_screenshot] [com.stepdefinition2.StepdefinitionContactus.takes_a_screenshot(StepdefinitionContactus.java:71)] - takes a Screenshot
2020-04-07 10:48:17.412 INFO [main] [com.stepdefinition2.Stepdefinition] [Myaccount] [com.stepdefinition2.Stepdefinition.Myaccount(Stepdefinition.java:31)] - clicking on Myaccount in the homepage 
2020-04-07 10:48:23.278 INFO [main] [com.stepdefinition2.Stepdefinition] [clicks_on_Register] [com.stepdefinition2.Stepdefinition.clicks_on_Register(Stepdefinition.java:38)] - clicking on Register in the homepage
2020-04-07 10:48:24.036 INFO [main] [com.stepdefinition2.Stepdefinition] [enters_First_Name_in_details] [com.stepdefinition2.Stepdefinition.enters_First_Name_in_details(Stepdefinition.java:46)] - clicking on Register in the homepage
2020-04-07 10:48:24.349 INFO [main] [com.stepdefinition2.Stepdefinition] [enters_Last_Name_in_details] [com.stepdefinition2.Stepdefinition.enters_Last_Name_in_details(Stepdefinition.java:53)] - clicking on Last Name in the homepage
2020-04-07 10:48:25.009 INFO [main] [com.stepdefinition2.Stepdefinition] [enters_Email_in_details] [com.stepdefinition2.Stepdefinition.enters_Email_in_details(Stepdefinition.java:60)] - Entered Emailid in the details
2020-04-07 10:48:25.435 INFO [main] [com.stepdefinition2.Stepdefinition] [enters_Telephone_in_details] [com.stepdefinition2.Stepdefinition.enters_Telephone_in_details(Stepdefinition.java:67)] - Entered Telephone in the details
2020-04-07 10:48:26.198 INFO [main] [com.stepdefinition2.Stepdefinition] [enters_Password_in_details] [com.stepdefinition2.Stepdefinition.enters_Password_in_details(Stepdefinition.java:74)] - Entered Password in the details
2020-04-07 10:48:26.559 INFO [main] [com.stepdefinition2.Stepdefinition] [enters_confirm_Password_in_details] [com.stepdefinition2.Stepdefinition.enters_confirm_Password_in_details(Stepdefinition.java:81)] - Entered ConfirmPassword in the details
2020-04-07 10:48:26.835 INFO [main] [com.stepdefinition2.Stepdefinition] [clicks_on_privacy_policy_in_details] [com.stepdefinition2.Stepdefinition.clicks_on_privacy_policy_in_details(Stepdefinition.java:89)] - clicking on PrivacyPolicy in the details
2020-04-07 10:48:29.162 INFO [main] [com.stepdefinition2.Stepdefinition] [clicks_on_submit_in_details] [com.stepdefinition2.Stepdefinition.clicks_on_submit_in_details(Stepdefinition.java:96)] - clicking on Continue in the details
2020-04-07 10:48:29.644 INFO [main] [com.stepdefinition2.Stepdefinition] [takes_a_screenshot] [com.stepdefinition2.Stepdefinition.takes_a_screenshot(Stepdefinition.java:102)] - takes a Screenshot
2020-04-07 10:49:14.649 INFO [main] [com.stepdefinition2.Stepdefinitionlogin] [Myaccount1] [com.stepdefinition2.Stepdefinitionlogin.Myaccount1(Stepdefinitionlogin.java:33)] - clicking on Myaccount in the homepage 
2020-04-07 10:49:18.248 INFO [main] [com.stepdefinition2.Stepdefinitionlogin] [opencart] [com.stepdefinition2.Stepdefinitionlogin.opencart(Stepdefinitionlogin.java:40)] - clicking on Login in the homepage 
2020-04-07 10:52:25.876 INFO [main] [com.stepdefinition2.Stepdefinition] [Myaccount] [com.stepdefinition2.Stepdefinition.Myaccount(Stepdefinition.java:31)] - clicking on Myaccount in the homepage 
2020-04-07 10:52:36.367 INFO [main] [com.stepdefinition2.Stepdefinition] [clicks_on_Register] [com.stepdefinition2.Stepdefinition.clicks_on_Register(Stepdefinition.java:38)] - clicking on Register in the homepage
2020-04-07 10:52:36.998 INFO [main] [com.stepdefinition2.Stepdefinition] [enters_First_Name_in_details] [com.stepdefinition2.Stepdefinition.enters_First_Name_in_details(Stepdefinition.java:46)] - clicking on Register in the homepage
2020-04-07 10:52:37.347 INFO [main] [com.stepdefinition2.Stepdefinition] [enters_Last_Name_in_details] [com.stepdefinition2.Stepdefinition.enters_Last_Name_in_details(Stepdefinition.java:53)] - clicking on Last Name in the homepage
2020-04-07 10:52:38.958 INFO [main] [com.stepdefinition2.Stepdefinition] [enters_Email_in_details] [com.stepdefinition2.Stepdefinition.enters_Email_in_details(Stepdefinition.java:60)] - Entered Emailid in the details
2020-04-07 10:52:39.335 INFO [main] [com.stepdefinition2.Stepdefinition] [enters_Telephone_in_details] [com.stepdefinition2.Stepdefinition.enters_Telephone_in_details(Stepdefinition.java:67)] - Entered Telephone in the details
2020-04-07 10:52:39.743 INFO [main] [com.stepdefinition2.Stepdefinition] [enters_Password_in_details] [com.stepdefinition2.Stepdefinition.enters_Password_in_details(Stepdefinition.java:74)] - Entered Password in the details
2020-04-07 10:52:40.071 INFO [main] [com.stepdefinition2.Stepdefinition] [enters_confirm_Password_in_details] [com.stepdefinition2.Stepdefinition.enters_confirm_Password_in_details(Stepdefinition.java:81)] - Entered ConfirmPassword in the details
2020-04-07 10:52:40.221 INFO [main] [com.stepdefinition2.Stepdefinition] [clicks_on_privacy_policy_in_details] [com.stepdefinition2.Stepdefinition.clicks_on_privacy_policy_in_details(Stepdefinition.java:89)] - clicking on PrivacyPolicy in the details
2020-04-07 10:52:43.683 INFO [main] [com.stepdefinition2.Stepdefinition] [clicks_on_submit_in_details] [com.stepdefinition2.Stepdefinition.clicks_on_submit_in_details(Stepdefinition.java:96)] - clicking on Continue in the details
2020-04-07 10:52:44.199 INFO [main] [com.stepdefinition2.Stepdefinition] [takes_a_screenshot] [com.stepdefinition2.Stepdefinition.takes_a_screenshot(Stepdefinition.java:102)] - takes a Screenshot
2020-04-07 10:53:43.950 INFO [main] [com.stepdefinition2.Stepdefinitionlogin] [Myaccount1] [com.stepdefinition2.Stepdefinitionlogin.Myaccount1(Stepdefinitionlogin.java:33)] - clicking on Myaccount in the homepage 
2020-04-07 10:53:47.264 INFO [main] [com.stepdefinition2.Stepdefinitionlogin] [opencart] [com.stepdefinition2.Stepdefinitionlogin.opencart(Stepdefinitionlogin.java:40)] - clicking on Login in the homepage 
2020-04-07 10:53:51.785 INFO [main] [com.stepdefinition2.Stepdefinitionlogin] [enter_and_in_the_field] [com.stepdefinition2.Stepdefinitionlogin.enter_and_in_the_field(Stepdefinitionlogin.java:52)] - Entered email and password in tbe field 
2020-04-07 10:53:56.776 INFO [main] [com.stepdefinition2.Stepdefinitionlogin] [click_submit_button] [com.stepdefinition2.Stepdefinitionlogin.click_submit_button(Stepdefinitionlogin.java:59)] - Login Button is Clicked
2020-04-07 10:53:57.204 INFO [main] [com.stepdefinition2.Stepdefinitionlogin] [takes_a_screenshot] [com.stepdefinition2.Stepdefinitionlogin.takes_a_screenshot(Stepdefinitionlogin.java:66)] - takes a Screenshot
2020-04-07 10:54:52.082 INFO [main] [com.stepdefinition2.Stepdefinitionlaptop] [notebook] [com.stepdefinition2.Stepdefinitionlaptop.notebook(Stepdefinitionlaptop.java:29)] - clicks on laptops&Notebooks
2020-04-07 10:54:52.740 INFO [main] [com.stepdefinition2.Stepdefinitionlaptop] [clicks_on_Addtocart] [com.stepdefinition2.Stepdefinitionlaptop.clicks_on_Addtocart(Stepdefinitionlaptop.java:36)] - clicks on Addtocart
2020-04-07 10:54:53.463 INFO [main] [com.stepdefinition2.Stepdefinitionlaptop] [takes_a_screenshot] [com.stepdefinition2.Stepdefinitionlaptop.takes_a_screenshot(Stepdefinitionlaptop.java:43)] - takes a Screenshot
2020-04-07 10:55:48.843 INFO [main] [com.stepdefinition2.Stepdefinitionlaptop] [clicks_on_contact_us] [com.stepdefinition2.StepdefinitionContactus.clicks_on_contact_us(StepdefinitionContactus.java:29)] - clicks on contact us
2020-04-07 10:55:50.297 INFO [main] [com.stepdefinition2.Stepdefinitionlaptop] [enters_name_on_Your_name_field] [com.stepdefinition2.StepdefinitionContactus.enters_name_on_Your_name_field(StepdefinitionContactus.java:37)] - Enters name on Your name field
2020-04-07 10:55:50.918 INFO [main] [com.stepdefinition2.Stepdefinitionlaptop] [enters_email_address] [com.stepdefinition2.StepdefinitionContactus.enters_email_address(StepdefinitionContactus.java:44)] - Enters email address
2020-04-07 10:55:52.165 INFO [main] [com.stepdefinition2.Stepdefinitionlaptop] [enters_info_related_to_enquiry] [com.stepdefinition2.StepdefinitionContactus.enters_info_related_to_enquiry(StepdefinitionContactus.java:51)] - Enters info related to enquiry
2020-04-07 10:55:59.932 INFO [main] [com.stepdefinition2.Stepdefinitionlaptop] [clicks_on_submit] [com.stepdefinition2.StepdefinitionContactus.clicks_on_submit(StepdefinitionContactus.java:58)] - clicks on submit
2020-04-07 10:56:06.961 INFO [main] [com.stepdefinition2.Stepdefinitionlaptop] [clicksoncontinue] [com.stepdefinition2.StepdefinitionContactus.clicksoncontinue(StepdefinitionContactus.java:64)] - clicks on continue
2020-04-07 10:56:07.728 INFO [main] [com.stepdefinition2.Stepdefinitionlaptop] [takes_a_screenshot] [com.stepdefinition2.StepdefinitionContactus.takes_a_screenshot(StepdefinitionContactus.java:71)] - takes a Screenshot
